Build started 2016/8/3 17:33:34.
     1>Project "D:\code\c\junlib\junlib\junlib.vcxproj" on node 2 (Build target(s)).
     1>ClCompile:
         C:\Program Files (x86)\Microsoft Visual Studio 12.0\VC\bin\x86_amd64\CL.exe /c /ID:\code\c\include /I. /Zi /nologo /W3 /WX- /sdl /Od /D WIN32 /D _DEBUG /D _CONSOLE /D _LIB /D _UNICODE /D UNICODE /Gm /EHsc /RTC1 /MDd /GS /fp:precise /Zc:wchar_t /Zc:forScope /Fo"x64\Debug\\" /Fd"x64\Debug\vc120.pdb" /Gd /TP /wd4819 /errorReport:prompt -D_SCL_SECURE_NO_WARNINGS AlignedBlob.cpp BBGrid.cpp BlobGrid.cpp Outline.cpp test_JContainer.cpp
         Outline.cpp
         Generating Code...
         Compiling...
         AlignedBlob.cpp
     1>d:\code\c\junlib\junlib\BlobGrid.h(4): fatal error C1083: Cannot open include file: 'BBGrid.h': No such file or directory
         Generating Code...
         Compiling...
         BBGrid.cpp
     1>BBGrid.cpp(1): fatal error C1083: Cannot open include file: 'BBGrid.h': No such file or directory
         Generating Code...
         Compiling...
         BlobGrid.cpp
     1>d:\code\c\junlib\junlib\BlobGrid.h(4): fatal error C1083: Cannot open include file: 'BBGrid.h': No such file or directory
         Generating Code...
         Compiling...
         test_JContainer.cpp
     1>test_JContainer.cpp(10): fatal error C1083: Cannot open include file: 'BBGrid.h': No such file or directory
         Generating Code...
     1>Done Building Project "D:\code\c\junlib\junlib\junlib.vcxproj" (Build target(s)) -- FAILED.

Build FAILED.

Time Elapsed 00:00:01.69
